Using pre-set license
Built from '2020.3/staging' branch; Version is '2020.3.26f1 (7298b473bc1a) revision 7510196'; Using compiler version '192528614'; Build Type 'Release'
OS: 'Windows 10  (10.0.19042) 64bit Core' Language: 'en' Physical Memory: 16334 MB
BatchMode: 1, IsHumanControllingUs: 0, StartBugReporterOnCrash: 0, Is64bit: 1, IsPro: 0

COMMAND LINE ARGUMENTS:
C:\Program Files\Unity\Hub\Editor\2020.3.26f1\Editor\Unity.exe
-adb2
-batchMode
-noUpm
-name
AssetImportWorker0
-projectPath
D:/GitHub/2022s-team10/Rise of the Damned
-logFile
Logs/AssetImportWorker0.log
-srvPort
61147
Successfully changed project path to: D:/GitHub/2022s-team10/Rise of the Damned
D:/GitHub/2022s-team10/Rise of the Damned
Using Asset Import Pipeline V2.
Refreshing native plugins compatible for Editor in 40.45 ms, found 3 plugins.
Preloading 0 native plugins for Editor in 0.00 ms.
Initialize engine version: 2020.3.26f1 (7298b473bc1a)
[Subsystems] Discovering subsystems at path C:/Program Files/Unity/Hub/Editor/2020.3.26f1/Editor/Data/Resources/UnitySubsystems
[Subsystems] Discovering subsystems at path D:/GitHub/2022s-team10/Rise of the Damned/Assets
GfxDevice: creating device client; threaded=0
Direct3D:
    Version:  Direct3D 11.0 [level 11.1]
    Renderer: NVIDIA GeForce GTX 1050 (ID=0x1c81)
    Vendor:   
    VRAM:     1977 MB
    Driver:   27.21.14.5671
Initialize mono
Mono path[0] = 'C:/Program Files/Unity/Hub/Editor/2020.3.26f1/Editor/Data/Managed'
Mono path[1] = 'C:/Program Files/Unity/Hub/Editor/2020.3.26f1/Editor/Data/MonoBleedingEdge/lib/mono/unityjit'
Mono config path = 'C:/Program Files/Unity/Hub/Editor/2020.3.26f1/Editor/Data/MonoBleedingEdge/etc'
Using monoOptions --debugger-agent=transport=dt_socket,embedding=1,server=y,suspend=n,address=127.0.0.1:56328
Begin MonoManager ReloadAssembly
Registering precompiled unity dll's ...
Register platform support module: C:/Program Files/Unity/Hub/Editor/2020.3.26f1/Editor/Data/PlaybackEngines/WindowsStandaloneSupport/UnityEditor.WindowsStandalone.Extensions.dll
Registered in 0.001745 seconds.
Native extension for WindowsStandalone target not found
Refreshing native plugins compatible for Editor in 40.77 ms, found 3 plugins.
Preloading 0 native plugins for Editor in 0.00 ms.
Mono: successfully reloaded assembly
- Completed reload, in  0.477 seconds
Domain Reload Profiling:
	ReloadAssembly (477ms)
		BeginReloadAssembly (44ms)
			ExecutionOrderSort (0ms)
			DisableScriptedObjects (0ms)
			BackupInstance (0ms)
			ReleaseScriptingObjects (0ms)
			CreateAndSetChildDomain (1ms)
		EndReloadAssembly (369ms)
			LoadAssemblies (42ms)
			RebuildTransferFunctionScriptingTraits (0ms)
			SetupTypeCache (123ms)
			ReleaseScriptCaches (0ms)
			RebuildScriptCaches (26ms)
			SetupLoadedEditorAssemblies (144ms)
				LogAssemblyErrors (0ms)
				InitializePlatformSupportModulesInManaged (4ms)
				SetLoadedEditorAssemblies (0ms)
				RefreshPlugins (41ms)
				BeforeProcessingInitializeOnLoad (7ms)
				ProcessInitializeOnLoadAttributes (68ms)
				ProcessInitializeOnLoadMethodAttributes (23ms)
				AfterProcessingInitializeOnLoad (0ms)
				EditorAssembliesLoaded (0ms)
			ExecutionOrderSort2 (0ms)
			AwakeInstancesAfterBackupRestoration (0ms)
Platform modules already initialized, skipping
Registering precompiled user dll's ...
Registered in 0.002592 seconds.
Begin MonoManager ReloadAssembly
Native extension for WindowsStandalone target not found
Refreshing native plugins compatible for Editor in 39.83 ms, found 3 plugins.
Preloading 0 native plugins for Editor in 0.00 ms.
Mono: successfully reloaded assembly
- Completed reload, in  0.915 seconds
Domain Reload Profiling:
	ReloadAssembly (916ms)
		BeginReloadAssembly (122ms)
			ExecutionOrderSort (0ms)
			DisableScriptedObjects (4ms)
			BackupInstance (0ms)
			ReleaseScriptingObjects (0ms)
			CreateAndSetChildDomain (18ms)
		EndReloadAssembly (740ms)
			LoadAssemblies (71ms)
			RebuildTransferFunctionScriptingTraits (0ms)
			SetupTypeCache (259ms)
			ReleaseScriptCaches (1ms)
			RebuildScriptCaches (41ms)
			SetupLoadedEditorAssemblies (275ms)
				LogAssemblyErrors (0ms)
				InitializePlatformSupportModulesInManaged (3ms)
				SetLoadedEditorAssemblies (0ms)
				RefreshPlugins (40ms)
				BeforeProcessingInitializeOnLoad (56ms)
				ProcessInitializeOnLoadAttributes (157ms)
				ProcessInitializeOnLoadMethodAttributes (14ms)
				AfterProcessingInitializeOnLoad (6ms)
				EditorAssembliesLoaded (0ms)
			ExecutionOrderSort2 (0ms)
			AwakeInstancesAfterBackupRestoration (5ms)
Platform modules already initialized, skipping
========================================================================
Worker process is ready to serve import requests
Launched and connected shader compiler UnityShaderCompiler.exe after 0.05 seconds
Refreshing native plugins compatible for Editor in 0.56 ms, found 3 plugins.
Preloading 0 native plugins for Editor in 0.00 ms.
Unloading 2198 Unused Serialized files (Serialized files now loaded: 0)
System memory in use before: 95.9 MB.
System memory in use after: 96.0 MB.

Unloading 28 unused Assets to reduce memory usage. Loaded Objects now: 2631.
Total: 2.989200 ms (FindLiveObjects: 0.223600 ms CreateObjectMapping: 0.052800 ms MarkObjects: 2.651800 ms  DeleteObjects: 0.060200 ms)

AssetImportParameters requested are different than current active one (requested -> active):
  custom:framework-win-MediaFoundation: 216162199b28c13a410421893ffa2e32 -> 
  custom:video-decoder-ogg-theora: a1e56fd34408186e4bbccfd4996cb3dc -> 
  custom:container-muxer-webm: aa71ff27fc2769a1b78a27578f13a17b -> 
  custom:container-demuxer-webm: 4f35f7cbe854078d1ac9338744f61a02 -> 
  custom:container-demuxer-ogg: 62fdf1f143b41e24485cea50d1cbac27 -> 
  custom:video-encoder-webm-vp8: eb34c28f22e8b96e1ab97ce403110664 -> 
  custom:video-decoder-webm-vp8: 9c59270c3fd7afecdb556c50c9e8de78 -> 
  custom:audio-decoder-ogg-vorbis: bf7c407c2cedff20999df2af8eb42d56 -> 
  custom:audio-encoder-webm-vorbis: bf7c407c2cedff20999df2af8eb42d56 -> 
========================================================================
Received Import Request.
  path: ProjectSettings/TagManager.asset
  artifactKey: Guid(00000000000000003000000000000000) Importer(815301076,1909f56bfc062723c751e8b465ee728b)
Start importing ProjectSettings/TagManager.asset using Guid(00000000000000003000000000000000) Importer(815301076,1909f56bfc062723c751e8b465ee728b)  -> (artifact id: '994f42c27a651f7693ec87cd54dd5db6') in 0.034851 seconds 
  Import took 0.038155 seconds .

========================================================================
Received Import Request.
  Time since last request: 47.248551 seconds.
  path: Assets/Scenes
  artifactKey: Guid(b0ba4a8a09b58954793e630306fd4d68) Importer(815301076,1909f56bfc062723c751e8b465ee728b)
Start importing Assets/Scenes using Guid(b0ba4a8a09b58954793e630306fd4d68) Importer(815301076,1909f56bfc062723c751e8b465ee728b)  -> (artifact id: '44013895a1f78cb920abb7f9c37e9f49') in 0.005964 seconds 
  Import took 0.009325 seconds .

========================================================================
Received Prepare
Refreshing native plugins compatible for Editor in 2.86 ms, found 3 plugins.
Preloading 0 native plugins for Editor in 0.00 ms.
Unloading 15 Unused Serialized files (Serialized files now loaded: 0)
System memory in use before: 52.1 MB.
System memory in use after: 52.3 MB.

Unloading 16 unused Assets to reduce memory usage. Loaded Objects now: 2631.
Total: 3.951500 ms (FindLiveObjects: 0.219800 ms CreateObjectMapping: 0.051900 ms MarkObjects: 3.664900 ms  DeleteObjects: 0.014200 ms)

AssetImportParameters requested are different than current active one (requested -> active):
  custom:framework-win-MediaFoundation: 216162199b28c13a410421893ffa2e32 -> 
  custom:video-decoder-ogg-theora: a1e56fd34408186e4bbccfd4996cb3dc -> 
  custom:container-muxer-webm: aa71ff27fc2769a1b78a27578f13a17b -> 
  custom:container-demuxer-webm: 4f35f7cbe854078d1ac9338744f61a02 -> 
  custom:container-demuxer-ogg: 62fdf1f143b41e24485cea50d1cbac27 -> 
  custom:video-encoder-webm-vp8: eb34c28f22e8b96e1ab97ce403110664 -> 
  custom:video-decoder-webm-vp8: 9c59270c3fd7afecdb556c50c9e8de78 -> 
  custom:audio-decoder-ogg-vorbis: bf7c407c2cedff20999df2af8eb42d56 -> 
  custom:audio-encoder-webm-vorbis: bf7c407c2cedff20999df2af8eb42d56 -> 
========================================================================
Received Import Request.
  Time since last request: 18.448246 seconds.
  path: Assets/Sprites
  artifactKey: Guid(1a50f7732195c3e40bd0c6a4a32eb7d5) Importer(815301076,1909f56bfc062723c751e8b465ee728b)
Start importing Assets/Sprites using Guid(1a50f7732195c3e40bd0c6a4a32eb7d5) Importer(815301076,1909f56bfc062723c751e8b465ee728b)  -> (artifact id: 'abc60148eb29dd8c08b2f78c5eaada2e') in 0.005659 seconds 
  Import took 0.009354 seconds .

========================================================================
Received Import Request.
  Time since last request: 91.550387 seconds.
  path: Assets/Sprites/Tiles
  artifactKey: Guid(e261c0fd48a84854f9a8a844c5286c42) Importer(815301076,1909f56bfc062723c751e8b465ee728b)
Start importing Assets/Sprites/Tiles using Guid(e261c0fd48a84854f9a8a844c5286c42) Importer(815301076,1909f56bfc062723c751e8b465ee728b)  -> (artifact id: 'ee0d6f871fd431b6efa9890030c8f612') in 0.007153 seconds 
  Import took 0.010834 seconds .

========================================================================
Received Import Request.
  Time since last request: 5.314883 seconds.
  path: Assets/Sprites/Player
  artifactKey: Guid(2d7ee243b3d328c4bbc82d66b53729b3) Importer(815301076,1909f56bfc062723c751e8b465ee728b)
Start importing Assets/Sprites/Player using Guid(2d7ee243b3d328c4bbc82d66b53729b3) Importer(815301076,1909f56bfc062723c751e8b465ee728b)  -> (artifact id: '76b48b15ed7a268b7c292e7c776fdebb') in 0.006488 seconds 
  Import took 0.009778 seconds .

========================================================================
Received Import Request.
  Time since last request: 3.854063 seconds.
  path: Assets/Sprites/Player/RiseOfTheDamnedPlayer01.png
  artifactKey: Guid(9ba2a9c1482018141840df7e0b6d7a0f) Importer(815301076,1909f56bfc062723c751e8b465ee728b)
Start importing Assets/Sprites/Player/RiseOfTheDamnedPlayer01.png using Guid(9ba2a9c1482018141840df7e0b6d7a0f) Importer(815301076,1909f56bfc062723c751e8b465ee728b)  -> (artifact id: '759b965ba63d4bfbd634f8e55d18c557') in 0.088159 seconds 
  Import took 0.091646 seconds .

========================================================================
Received Import Request.
  Time since last request: 7.054048 seconds.
  path: Assets/Sprites/Tiles/Ground
  artifactKey: Guid(78c8766cf62d2b44f8ac76db36495042) Importer(815301076,1909f56bfc062723c751e8b465ee728b)
Start importing Assets/Sprites/Tiles/Ground using Guid(78c8766cf62d2b44f8ac76db36495042) Importer(815301076,1909f56bfc062723c751e8b465ee728b)  -> (artifact id: 'c980eeebf016b84a03943b7f3671bfab') in 0.006618 seconds 
  Import took 0.010071 seconds .

========================================================================
Received Import Request.
  Time since last request: 7.116109 seconds.
  path: Assets/Sprites/Tiles/Ground/RiseOfTheDamnedGround01.png
  artifactKey: Guid(74d85945f3dd35f4caa666ccc1fd3fda) Importer(815301076,1909f56bfc062723c751e8b465ee728b)
Start importing Assets/Sprites/Tiles/Ground/RiseOfTheDamnedGround01.png using Guid(74d85945f3dd35f4caa666ccc1fd3fda) Importer(815301076,1909f56bfc062723c751e8b465ee728b)  -> (artifact id: '22270863f0f79f215f0cd0f5043bf442') in 0.022032 seconds 
  Import took 0.025466 seconds .

========================================================================
Received Import Request.
  Time since last request: 0.000173 seconds.
  path: Assets/Sprites/Tiles/Ground/RiseOfTheDamnedGround02.png
  artifactKey: Guid(83c67f40befdf154c8a812ba21ccbf0d) Importer(815301076,1909f56bfc062723c751e8b465ee728b)
Start importing Assets/Sprites/Tiles/Ground/RiseOfTheDamnedGround02.png using Guid(83c67f40befdf154c8a812ba21ccbf0d) Importer(815301076,1909f56bfc062723c751e8b465ee728b)  -> (artifact id: '27b29bd454cf7024d3fe35c5d44d0ce7') in 0.009738 seconds 
  Import took 0.012796 seconds .

========================================================================
Received Import Request.
  Time since last request: 8.971871 seconds.
  path: Assets/Sprites/Tiles/Ground/RiseOfTheDamnedGround01.png
  artifactKey: Guid(74d85945f3dd35f4caa666ccc1fd3fda) Importer(815301076,1909f56bfc062723c751e8b465ee728b)
Start importing Assets/Sprites/Tiles/Ground/RiseOfTheDamnedGround01.png using Guid(74d85945f3dd35f4caa666ccc1fd3fda) Importer(815301076,1909f56bfc062723c751e8b465ee728b)  -> (artifact id: 'eb56e4c5ed8a5570bde4a7a84f77956d') in 0.011270 seconds 
  Import took 0.014800 seconds .

========================================================================
Received Import Request.
  Time since last request: 7.220397 seconds.
  path: Assets/Sprites/Tiles/Ground/RiseOfTheDamnedGround02.png
  artifactKey: Guid(83c67f40befdf154c8a812ba21ccbf0d) Importer(815301076,1909f56bfc062723c751e8b465ee728b)
Start importing Assets/Sprites/Tiles/Ground/RiseOfTheDamnedGround02.png using Guid(83c67f40befdf154c8a812ba21ccbf0d) Importer(815301076,1909f56bfc062723c751e8b465ee728b)  -> (artifact id: 'c6be215842e6d7f32af6dd1b26f1b56d') in 0.012345 seconds 
  Import took 0.015724 seconds .

========================================================================
Received Import Request.
  Time since last request: 13.949658 seconds.
  path: Assets/Sprites/Player/RiseOfTheDamnedPlayer01.png
  artifactKey: Guid(9ba2a9c1482018141840df7e0b6d7a0f) Importer(815301076,1909f56bfc062723c751e8b465ee728b)
Start importing Assets/Sprites/Player/RiseOfTheDamnedPlayer01.png using Guid(9ba2a9c1482018141840df7e0b6d7a0f) Importer(815301076,1909f56bfc062723c751e8b465ee728b)  -> (artifact id: '8b41c03ac55088851ced5c5ee910a271') in 0.011360 seconds 
  Import took 0.014840 seconds .

========================================================================
Received Import Request.
  Time since last request: 76.120681 seconds.
  path: Assets/Sprites/Tiles/Ground/Ground.prefab
  artifactKey: Guid(fd975a6d7fa7fd541b2458eebe6d1eb5) Importer(815301076,1909f56bfc062723c751e8b465ee728b)
Start importing Assets/Sprites/Tiles/Ground/Ground.prefab using Guid(fd975a6d7fa7fd541b2458eebe6d1eb5) Importer(815301076,1909f56bfc062723c751e8b465ee728b)  -> (artifact id: '3fa6204fccb9808e201bdd120eba08ad') in 0.030085 seconds 
  Import took 0.033506 seconds .

========================================================================
Received Import Request.
  Time since last request: 10.440485 seconds.
  path: Assets/Sprites/Tiles/Ground/Ground.prefab
  artifactKey: Guid(fd975a6d7fa7fd541b2458eebe6d1eb5) Importer(815301076,1909f56bfc062723c751e8b465ee728b)
Start importing Assets/Sprites/Tiles/Ground/Ground.prefab using Guid(fd975a6d7fa7fd541b2458eebe6d1eb5) Importer(815301076,1909f56bfc062723c751e8b465ee728b)  -> (artifact id: 'e8e6b01b33cd6c52120e68c0df16802d') in 0.010831 seconds 
  Import took 0.014466 seconds .

========================================================================
Received Import Request.
  Time since last request: 0.000180 seconds.
  path: Assets/Sprites/Tiles/Ground/RiseOfTheDamnedGround01.asset
  artifactKey: Guid(de068a47556613b4881dd1cfdb1b80aa) Importer(815301076,1909f56bfc062723c751e8b465ee728b)
Start importing Assets/Sprites/Tiles/Ground/RiseOfTheDamnedGround01.asset using Guid(de068a47556613b4881dd1cfdb1b80aa) Importer(815301076,1909f56bfc062723c751e8b465ee728b)  -> (artifact id: '0c776a1b673318caa6246d6a3a17a75a') in 0.015960 seconds 
  Import took 0.018961 seconds .

========================================================================
Received Import Request.
  Time since last request: 3.486687 seconds.
  path: Assets/Sprites/Tiles/Ground/Ground.prefab
  artifactKey: Guid(fd975a6d7fa7fd541b2458eebe6d1eb5) Importer(815301076,1909f56bfc062723c751e8b465ee728b)
Start importing Assets/Sprites/Tiles/Ground/Ground.prefab using Guid(fd975a6d7fa7fd541b2458eebe6d1eb5) Importer(815301076,1909f56bfc062723c751e8b465ee728b)  -> (artifact id: 'fe51206ddae243762e19d4f76742bce8') in 0.007869 seconds 
  Import took 0.011754 seconds .

========================================================================
Received Import Request.
  Time since last request: 0.000182 seconds.
  path: Assets/Sprites/Tiles/Ground/RiseOfTheDamnedGround02.asset
  artifactKey: Guid(80346afa77299c447bbfa0cd94a704e5) Importer(815301076,1909f56bfc062723c751e8b465ee728b)
Start importing Assets/Sprites/Tiles/Ground/RiseOfTheDamnedGround02.asset using Guid(80346afa77299c447bbfa0cd94a704e5) Importer(815301076,1909f56bfc062723c751e8b465ee728b)  -> (artifact id: '2bad0f69571c03e74650cb55254f31cd') in 0.010392 seconds 
  Import took 0.013326 seconds .

========================================================================
Received Import Request.
  Time since last request: 126.284991 seconds.
  path: Assets/PlayerController.cs
  artifactKey: Guid(79fbf2e5e13eeaa4ea30ebda45483fe7) Importer(815301076,1909f56bfc062723c751e8b465ee728b)
Start importing Assets/PlayerController.cs using Guid(79fbf2e5e13eeaa4ea30ebda45483fe7) Importer(815301076,1909f56bfc062723c751e8b465ee728b)  -> (artifact id: 'b9e9685cd2426b17a2cc2858adafdef3') in 0.008411 seconds 
  Import took 0.011965 seconds .

========================================================================
Received Prepare
Registering precompiled user dll's ...
Registered in 0.002731 seconds.
Begin MonoManager ReloadAssembly
Native extension for WindowsStandalone target not found
Refreshing native plugins compatible for Editor in 0.66 ms, found 3 plugins.
Preloading 0 native plugins for Editor in 0.00 ms.
Mono: successfully reloaded assembly
- Completed reload, in  0.877 seconds
Domain Reload Profiling:
	ReloadAssembly (878ms)
		BeginReloadAssembly (99ms)
			ExecutionOrderSort (0ms)
			DisableScriptedObjects (5ms)
			BackupInstance (0ms)
			ReleaseScriptingObjects (0ms)
			CreateAndSetChildDomain (33ms)
		EndReloadAssembly (725ms)
			LoadAssemblies (72ms)
			RebuildTransferFunctionScriptingTraits (0ms)
			SetupTypeCache (242ms)
			ReleaseScriptCaches (1ms)
			RebuildScriptCaches (38ms)
			SetupLoadedEditorAssemblies (272ms)
				LogAssemblyErrors (0ms)
				InitializePlatformSupportModulesInManaged (4ms)
				SetLoadedEditorAssemblies (0ms)
				RefreshPlugins (1ms)
				BeforeProcessingInitializeOnLoad (59ms)
				ProcessInitializeOnLoadAttributes (190ms)
				ProcessInitializeOnLoadMethodAttributes (11ms)
				AfterProcessingInitializeOnLoad (7ms)
				EditorAssembliesLoaded (0ms)
			ExecutionOrderSort2 (0ms)
			AwakeInstancesAfterBackupRestoration (9ms)
Platform modules already initialized, skipping
Refreshing native plugins compatible for Editor in 0.68 ms, found 3 plugins.
Preloading 0 native plugins for Editor in 0.00 ms.
Unloading 2187 Unused Serialized files (Serialized files now loaded: 0)
System memory in use before: 98.2 MB.
System memory in use after: 98.4 MB.

Unloading 17 unused Assets to reduce memory usage. Loaded Objects now: 2645.
Total: 3.635100 ms (FindLiveObjects: 0.246500 ms CreateObjectMapping: 0.059100 ms MarkObjects: 3.304400 ms  DeleteObjects: 0.023700 ms)

AssetImportParameters requested are different than current active one (requested -> active):
  custom:framework-win-MediaFoundation: 216162199b28c13a410421893ffa2e32 -> 
  custom:video-decoder-ogg-theora: a1e56fd34408186e4bbccfd4996cb3dc -> 
  custom:container-muxer-webm: aa71ff27fc2769a1b78a27578f13a17b -> 
  custom:container-demuxer-webm: 4f35f7cbe854078d1ac9338744f61a02 -> 
  custom:container-demuxer-ogg: 62fdf1f143b41e24485cea50d1cbac27 -> 
  custom:video-encoder-webm-vp8: eb34c28f22e8b96e1ab97ce403110664 -> 
  custom:video-decoder-webm-vp8: 9c59270c3fd7afecdb556c50c9e8de78 -> 
  custom:audio-decoder-ogg-vorbis: bf7c407c2cedff20999df2af8eb42d56 -> 
  custom:audio-encoder-webm-vorbis: bf7c407c2cedff20999df2af8eb42d56 -> 
AssetImportWorkerClient::OnTransportError - code=2 error=End of file
